Watching for file changes with StatReloader
Not Found: /
"GET / HTTP/1.1" 404 2183
Not Found: /favicon.ico
"GET /favicon.ico HTTP/1.1" 404 2234
Not Found: /prefix
"GET /prefix HTTP/1.1" 404 2219
"GET /start_pref/ HTTP/1.1" 200 13
"GET /start_pref/ HTTP/1.1" 200 13
C:\Users\stavr\django\project_dj_lections\project_dj_lections\urls.py changed, reloading.
Watching for file changes with StatReloader
Not Found: /start_pref/
"GET /start_pref/ HTTP/1.1" 404 2614
"GET / HTTP/1.1" 200 13
"GET /new HTTP/1.1" 301 0
"GET /new/ HTTP/1.1" 200 8
"GET /new/ HTTP/1.1" 200 8
Not Found: /newasd
"GET /newasd HTTP/1.1" 404 2599
"GET /about HTTP/1.1" 301 0
"GET /about/ HTTP/1.1" 200 8
"GET /new/ HTTP/1.1" 200 8
C:\Users\stavr\django\project_dj_lections\lection_01_app\urls.py changed, reloading.
Watching for file changes with StatReloader
C:\Users\stavr\django\project_dj_lections\lection_01_app\urls.py changed, reloading.
Watching for file changes with StatReloader
"GET /new/ HTTP/1.1" 200 11
C:\Users\stavr\django\project_dj_lections\lection_01_app\views.py changed, reloading.
Watching for file changes with StatReloader
C:\Users\stavr\django\project_dj_lections\lection_01_app\views.py changed, reloading.
Watching for file changes with StatReloader
C:\Users\stavr\django\project_dj_lections\lection_01_app\views.py changed, reloading.
Watching for file changes with StatReloader
"GET /new/ HTTP/1.1" 200 11
"GET / HTTP/1.1" 200 13
C:\Users\stavr\django\project_dj_lections\lection_01_app\views.py changed, reloading.
Watching for file changes with StatReloader
"GET / HTTP/1.1" 200 13
C:\Users\stavr\django\project_dj_lections\lection_01_app\views.py changed, reloading.
Watching for file changes with StatReloader
"GET / HTTP/1.1" 200 13
"GET / HTTP/1.1" 200 13
C:\Users\stavr\django\project_dj_lections\lection_01_app\views.py changed, reloading.
Watching for file changes with StatReloader
"GET /about/ HTTP/1.1" 200 27
"GET / HTTP/1.1" 200 13
Not Found: /index
"GET /index HTTP/1.1" 404 2596
C:\Users\stavr\django\project_dj_lections\lection_01_app\views.py changed, reloading.
Watching for file changes with StatReloader
"GET / HTTP/1.1" 200 13
"GET /about/ HTTP/1.1" 200 27
"GET / HTTP/1.1" 200 13
C:\Users\stavr\django\project_dj_lections\project_dj_lections\settings.py changed, reloading.
Watching for file changes with StatReloader
-------------------Index page accessed
"GET / HTTP/1.1" 200 13
Not Found: /favicon.ico
"GET /favicon.ico HTTP/1.1" 404 2614
"GET /about HTTP/1.1" 301 0
Error in about page: division by zero
Traceback (most recent call last):
  File "C:\Users\stavr\django\project_dj_lections\lection_01_app\views.py", line 17, in about
    result = 1 / 0
ZeroDivisionError: division by zero
"GET /about/ HTTP/1.1" 200 27
C:\Users\stavr\django\project_dj_lections\project_dj_lections\settings.py changed, reloading.
Watching for file changes with StatReloader
C:\Users\stavr\django\project_dj_lections\project_dj_lections\settings.py changed, reloading.
Watching for file changes with StatReloader
Error in about page: division by zero
Traceback (most recent call last):
  File "C:\Users\stavr\django\project_dj_lections\lection_01_app\views.py", line 17, in about
    result = 1 / 0
ZeroDivisionError: division by zero
"GET /about/ HTTP/1.1" 200 27
Not Found: /favicon.ico
"GET /favicon.ico HTTP/1.1" 404 2614
-------------------Index page accessed
"GET / HTTP/1.1" 200 13
C:\Users\stavr\django\project_dj_lections\project_dj_lections\settings.py changed, reloading.
Watching for file changes with StatReloader
C:\Users\stavr\django\project_dj_lections\project_dj_lections\settings.py changed, reloading.
INFO 2023-10-07 07:26:34,786 autoreload 15012 16216 Watching for file changes with StatReloader
INFO 2023-10-07 07:26:39,993 views 15012 10184 -------------------Index page accessed
INFO 2023-10-07 07:26:39,993 basehttp 15012 10184 "GET / HTTP/1.1" 200 13
INFO 2023-10-07 11:50:17,868 autoreload 7544 17984 Watching for file changes with StatReloader
INFO 2023-10-07 11:51:58,915 autoreload 15552 16100 Watching for file changes with StatReloader
INFO 2023-10-07 11:54:17,593 autoreload 16948 15936 Watching for file changes with StatReloader
INFO 2023-10-12 18:37:50,410 autoreload 17096 17336 Watching for file changes with StatReloader
INFO 2023-10-12 18:38:56,640 autoreload 18172 25340 Watching for file changes with StatReloader
WARNING 2023-10-12 18:39:01,948 log 18172 24948 Not Found: /user/add
WARNING 2023-10-12 18:39:01,948 basehttp 18172 24948 "GET /user/add HTTP/1.1" 404 2528
INFO 2023-10-12 18:39:14,716 basehttp 18172 24948 "GET /lec4/user/add HTTP/1.1" 301 0
ERROR 2023-10-12 18:39:14,851 log 18172 1944 Internal Server Error: /lec4/user/add/
Traceback (most recent call last):
  File "C:\Users\TurchinMV\Work\GB_python_3\Django\venv_new_1\lib\site-packages\django\core\handlers\exception.py", line 55, in inner
    response = get_response(request)
  File "C:\Users\TurchinMV\Work\GB_python_3\Django\venv_new_1\lib\site-packages\django\core\handlers\base.py", line 197, in _get_response
    response = wrapped_callback(request, *callback_args, **callback_kwargs)
  File "C:\Users\TurchinMV\Work\GB_python_3\Django\project_dj_lections\lection_04_app\views.py", line 20, in user_form
    return render(request, 'myapp4/user_form.html', {'form':
  File "C:\Users\TurchinMV\Work\GB_python_3\Django\venv_new_1\lib\site-packages\django\shortcuts.py", line 24, in render
    content = loader.render_to_string(template_name, context, request, using=using)
  File "C:\Users\TurchinMV\Work\GB_python_3\Django\venv_new_1\lib\site-packages\django\template\loader.py", line 61, in render_to_string
    template = get_template(template_name, using=using)
  File "C:\Users\TurchinMV\Work\GB_python_3\Django\venv_new_1\lib\site-packages\django\template\loader.py", line 19, in get_template
    raise TemplateDoesNotExist(template_name, chain=chain)
django.template.exceptions.TemplateDoesNotExist: myapp4/user_form.html
ERROR 2023-10-12 18:39:14,853 basehttp 18172 1944 "GET /lec4/user/add/ HTTP/1.1" 500 80109
INFO 2023-10-12 18:39:39,565 autoreload 18172 25340 C:\Users\TurchinMV\Work\GB_python_3\Django\project_dj_lections\lection_04_app\views.py changed, reloading.
INFO 2023-10-12 18:39:39,989 autoreload 26564 26584 Watching for file changes with StatReloader
ERROR 2023-10-12 18:39:41,070 log 26564 33672 Internal Server Error: /lec4/user/add/
Traceback (most recent call last):
  File "C:\Users\TurchinMV\Work\GB_python_3\Django\venv_new_1\lib\site-packages\django\template\backends\django.py", line 61, in render
    return self.template.render(context)
  File "C:\Users\TurchinMV\Work\GB_python_3\Django\venv_new_1\lib\site-packages\django\template\base.py", line 175, in render
    return self._render(context)
  File "C:\Users\TurchinMV\Work\GB_python_3\Django\venv_new_1\lib\site-packages\django\template\base.py", line 167, in _render
    return self.nodelist.render(context)
  File "C:\Users\TurchinMV\Work\GB_python_3\Django\venv_new_1\lib\site-packages\django\template\base.py", line 1005, in render
    return SafeString("".join([node.render_annotated(context) for node in self]))
  File "C:\Users\TurchinMV\Work\GB_python_3\Django\venv_new_1\lib\site-packages\django\template\base.py", line 1005, in <listcomp>
    return SafeString("".join([node.render_annotated(context) for node in self]))
  File "C:\Users\TurchinMV\Work\GB_python_3\Django\venv_new_1\lib\site-packages\django\template\base.py", line 966, in render_annotated
    return self.render(context)
  File "C:\Users\TurchinMV\Work\GB_python_3\Django\venv_new_1\lib\site-packages\django\template\loader_tags.py", line 132, in render
    compiled_parent = self.get_parent(context)
  File "C:\Users\TurchinMV\Work\GB_python_3\Django\venv_new_1\lib\site-packages\django\template\loader_tags.py", line 129, in get_parent
    return self.find_template(parent, context)
  File "C:\Users\TurchinMV\Work\GB_python_3\Django\venv_new_1\lib\site-packages\django\template\loader_tags.py", line 107, in find_template
    template, origin = context.template.engine.find_template(
  File "C:\Users\TurchinMV\Work\GB_python_3\Django\venv_new_1\lib\site-packages\django\template\engine.py", line 161, in find_template
    raise TemplateDoesNotExist(name, tried=tried)
django.template.exceptions.TemplateDoesNotExist: base.html

The above exception was the direct cause of the following exception:

Traceback (most recent call last):
  File "C:\Users\TurchinMV\Work\GB_python_3\Django\venv_new_1\lib\site-packages\django\core\handlers\exception.py", line 55, in inner
    response = get_response(request)
  File "C:\Users\TurchinMV\Work\GB_python_3\Django\venv_new_1\lib\site-packages\django\core\handlers\base.py", line 197, in _get_response
    response = wrapped_callback(request, *callback_args, **callback_kwargs)
  File "C:\Users\TurchinMV\Work\GB_python_3\Django\project_dj_lections\lection_04_app\views.py", line 20, in user_form
    return render(request, 'lection_04_app/user_form.html', {'form':
  File "C:\Users\TurchinMV\Work\GB_python_3\Django\venv_new_1\lib\site-packages\django\shortcuts.py", line 24, in render
    content = loader.render_to_string(template_name, context, request, using=using)
  File "C:\Users\TurchinMV\Work\GB_python_3\Django\venv_new_1\lib\site-packages\django\template\loader.py", line 62, in render_to_string
    return template.render(context, request)
  File "C:\Users\TurchinMV\Work\GB_python_3\Django\venv_new_1\lib\site-packages\django\template\backends\django.py", line 63, in render
    reraise(exc, self.backend)
  File "C:\Users\TurchinMV\Work\GB_python_3\Django\venv_new_1\lib\site-packages\django\template\backends\django.py", line 84, in reraise
    raise new from exc
django.template.exceptions.TemplateDoesNotExist: base.html
ERROR 2023-10-12 18:39:41,074 basehttp 26564 33672 "GET /lec4/user/add/ HTTP/1.1" 500 129331
ERROR 2023-10-12 18:40:00,205 log 26564 33672 Internal Server Error: /lec4/user/add/
Traceback (most recent call last):
  File "C:\Users\TurchinMV\Work\GB_python_3\Django\venv_new_1\lib\site-packages\django\template\backends\django.py", line 61, in render
    return self.template.render(context)
  File "C:\Users\TurchinMV\Work\GB_python_3\Django\venv_new_1\lib\site-packages\django\template\base.py", line 175, in render
    return self._render(context)
  File "C:\Users\TurchinMV\Work\GB_python_3\Django\venv_new_1\lib\site-packages\django\template\base.py", line 167, in _render
    return self.nodelist.render(context)
  File "C:\Users\TurchinMV\Work\GB_python_3\Django\venv_new_1\lib\site-packages\django\template\base.py", line 1005, in render
    return SafeString("".join([node.render_annotated(context) for node in self]))
  File "C:\Users\TurchinMV\Work\GB_python_3\Django\venv_new_1\lib\site-packages\django\template\base.py", line 1005, in <listcomp>
    return SafeString("".join([node.render_annotated(context) for node in self]))
  File "C:\Users\TurchinMV\Work\GB_python_3\Django\venv_new_1\lib\site-packages\django\template\base.py", line 966, in render_annotated
    return self.render(context)
  File "C:\Users\TurchinMV\Work\GB_python_3\Django\venv_new_1\lib\site-packages\django\template\loader_tags.py", line 132, in render
    compiled_parent = self.get_parent(context)
  File "C:\Users\TurchinMV\Work\GB_python_3\Django\venv_new_1\lib\site-packages\django\template\loader_tags.py", line 129, in get_parent
    return self.find_template(parent, context)
  File "C:\Users\TurchinMV\Work\GB_python_3\Django\venv_new_1\lib\site-packages\django\template\loader_tags.py", line 107, in find_template
    template, origin = context.template.engine.find_template(
  File "C:\Users\TurchinMV\Work\GB_python_3\Django\venv_new_1\lib\site-packages\django\template\engine.py", line 161, in find_template
    raise TemplateDoesNotExist(name, tried=tried)
django.template.exceptions.TemplateDoesNotExist: base.html

The above exception was the direct cause of the following exception:

Traceback (most recent call last):
  File "C:\Users\TurchinMV\Work\GB_python_3\Django\venv_new_1\lib\site-packages\django\core\handlers\exception.py", line 55, in inner
    response = get_response(request)
  File "C:\Users\TurchinMV\Work\GB_python_3\Django\venv_new_1\lib\site-packages\django\core\handlers\base.py", line 197, in _get_response
    response = wrapped_callback(request, *callback_args, **callback_kwargs)
  File "C:\Users\TurchinMV\Work\GB_python_3\Django\project_dj_lections\lection_04_app\views.py", line 20, in user_form
    return render(request, 'lection_04_app/user_form.html', {'form':
  File "C:\Users\TurchinMV\Work\GB_python_3\Django\venv_new_1\lib\site-packages\django\shortcuts.py", line 24, in render
    content = loader.render_to_string(template_name, context, request, using=using)
  File "C:\Users\TurchinMV\Work\GB_python_3\Django\venv_new_1\lib\site-packages\django\template\loader.py", line 62, in render_to_string
    return template.render(context, request)
  File "C:\Users\TurchinMV\Work\GB_python_3\Django\venv_new_1\lib\site-packages\django\template\backends\django.py", line 63, in render
    reraise(exc, self.backend)
  File "C:\Users\TurchinMV\Work\GB_python_3\Django\venv_new_1\lib\site-packages\django\template\backends\django.py", line 84, in reraise
    raise new from exc
django.template.exceptions.TemplateDoesNotExist: base.html
ERROR 2023-10-12 18:40:00,208 basehttp 26564 33672 "GET /lec4/user/add/ HTTP/1.1" 500 129331
INFO 2023-10-12 18:40:03,545 basehttp 26564 33672 "GET /lec4/user/add/ HTTP/1.1" 200 744
INFO 2023-10-12 18:42:47,344 basehttp 26564 33672 "GET /lec4/user/add/ HTTP/1.1" 200 744
INFO 2023-10-12 18:42:48,535 basehttp 26564 33672 "GET /lec4/user/add/ HTTP/1.1" 200 974
INFO 2023-10-12 18:43:10,536 basehttp 26564 33672 "POST /lec4/user/add/ HTTP/1.1" 200 1075
INFO 2023-10-12 18:43:25,708 basehttp 26564 33672 "POST /lec4/user/add/ HTTP/1.1" 200 1082
INFO 2023-10-12 18:44:16,645 autoreload 26564 26584 C:\Users\TurchinMV\Work\GB_python_3\Django\project_dj_lections\lection_04_app\views.py changed, reloading.
INFO 2023-10-12 18:44:17,033 autoreload 25232 19244 Watching for file changes with StatReloader
INFO 2023-10-12 18:44:17,276 basehttp 25232 5636 "POST /lec4/user/add/ HTTP/1.1" 200 1082
INFO 2023-10-12 18:44:41,055 autoreload 25232 19244 C:\Users\TurchinMV\Work\GB_python_3\Django\project_dj_lections\lection_04_app\views.py changed, reloading.
INFO 2023-10-12 18:44:41,448 autoreload 3228 9532 Watching for file changes with StatReloader
INFO 2023-10-12 18:44:52,908 basehttp 3228 16028 "POST /lec4/user/add/ HTTP/1.1" 200 1022
INFO 2023-10-12 18:44:59,335 basehttp 3228 16028 "POST /lec4/user/add/ HTTP/1.1" 200 1022
INFO 2023-10-12 18:47:05,696 basehttp 3228 16028 "POST /lec4/user/add/ HTTP/1.1" 200 1022
INFO 2023-10-12 18:47:18,399 basehttp 3228 16028 "POST /lec4/user/add/ HTTP/1.1" 200 1022
INFO 2023-10-12 18:48:59,282 autoreload 3228 9532 C:\Users\TurchinMV\Work\GB_python_3\Django\project_dj_lections\project_dj_lections\settings.py changed, reloading.
INFO 2023-10-12 18:49:50,763 autoreload 27660 18916 Watching for file changes with StatReloader
INFO 2023-10-12 18:49:54,883 views 27660 31772 ----------Отправлено name='wer@sdf.we', email='wer@sdf.we', age=2.
INFO 2023-10-12 18:49:54,897 basehttp 27660 31772 "POST /lec4/user/add/ HTTP/1.1" 200 1022
INFO 2023-10-12 18:51:59,112 autoreload 27660 18916 C:\Users\TurchinMV\Work\GB_python_3\Django\project_dj_lections\lection_04_app\forms_app4.py changed, reloading.
INFO 2023-10-12 18:51:59,612 autoreload 27864 32644 Watching for file changes with StatReloader
INFO 2023-10-12 18:52:12,442 autoreload 27864 32644 C:\Users\TurchinMV\Work\GB_python_3\Django\project_dj_lections\lection_04_app\forms_app4.py changed, reloading.
INFO 2023-10-12 18:52:13,139 autoreload 16548 30232 Watching for file changes with StatReloader
INFO 2023-10-12 18:54:39,996 autoreload 16548 30232 C:\Users\TurchinMV\Work\GB_python_3\Django\project_dj_lections\lection_04_app\views.py changed, reloading.
INFO 2023-10-12 18:54:40,390 autoreload 16012 4016 Watching for file changes with StatReloader
INFO 2023-10-12 18:54:43,734 views 16012 7892 ----------Отправлено name='wer@sdf.we', email='wer@sdf.we', age=2.
INFO 2023-10-12 18:54:43,745 basehttp 16012 7892 "POST /lec4/user/add/ HTTP/1.1" 200 1022
INFO 2023-10-12 18:54:49,908 views 16012 7892 ----------Отправлено name='wer@sdf.we', email='wer@sdf.we', age=2.
INFO 2023-10-12 18:54:49,911 basehttp 16012 7892 "POST /lec4/user/add/ HTTP/1.1" 200 1022
INFO 2023-10-12 18:54:51,278 views 16012 7892 ----------Отправлено name='wer@sdf.we', email='wer@sdf.we', age=2.
INFO 2023-10-12 18:54:51,280 basehttp 16012 7892 "POST /lec4/user/add/ HTTP/1.1" 200 1022
INFO 2023-10-12 18:55:24,123 autoreload 16012 4016 C:\Users\TurchinMV\Work\GB_python_3\Django\project_dj_lections\lection_04_app\views.py changed, reloading.
INFO 2023-10-12 18:55:24,661 autoreload 27460 20572 Watching for file changes with StatReloader
INFO 2023-10-12 18:55:52,804 autoreload 27460 20572 C:\Users\TurchinMV\Work\GB_python_3\Django\project_dj_lections\lection_04_app\views.py changed, reloading.
INFO 2023-10-12 18:55:53,309 autoreload 35324 20032 Watching for file changes with StatReloader
INFO 2023-10-12 18:56:25,697 autoreload 35324 20032 C:\Users\TurchinMV\Work\GB_python_3\Django\project_dj_lections\lection_04_app\views.py changed, reloading.
INFO 2023-10-12 18:56:26,077 autoreload 20308 33884 Watching for file changes with StatReloader
INFO 2023-10-12 18:57:36,496 autoreload 20308 33884 C:\Users\TurchinMV\Work\GB_python_3\Django\project_dj_lections\lection_04_app\views.py changed, reloading.
INFO 2023-10-12 18:57:36,899 autoreload 10496 2896 Watching for file changes with StatReloader
INFO 2023-10-12 18:58:23,525 autoreload 10496 2896 C:\Users\TurchinMV\Work\GB_python_3\Django\project_dj_lections\lection_04_app\urls_app4.py changed, reloading.
INFO 2023-10-12 18:58:23,970 autoreload 10056 19028 Watching for file changes with StatReloader
INFO 2023-10-12 18:58:33,078 basehttp 10056 33200 "GET /lec4/forms HTTP/1.1" 301 0
INFO 2023-10-12 18:58:33,093 basehttp 10056 18280 "GET /lec4/forms/ HTTP/1.1" 200 1766
INFO 2023-10-12 18:58:58,948 views 10056 18280 ----------Отправлено form.cleaned_data={'name': 'sd', 'email': 'stavrtin@yandex.ru', 'age': 18, 'height': 1.0, 'is_active': True, 'birthdate': datetime.date(2023, 10, 12), 'gender': 'F'}.
INFO 2023-10-12 18:58:58,951 basehttp 10056 18280 "POST /lec4/forms/ HTTP/1.1" 200 1842
INFO 2023-10-12 18:59:32,869 views 10056 18280 ----------Отправлено form.cleaned_data={'name': 'sd', 'email': 'stavrtin@yandex.ru', 'age': 18, 'height': 1.0, 'is_active': True, 'birthdate': datetime.date(2023, 10, 12), 'gender': 'F'}.
INFO 2023-10-12 18:59:32,907 basehttp 10056 18280 "POST /lec4/forms/ HTTP/1.1" 200 1555
INFO 2023-10-12 18:59:43,941 views 10056 18280 ----------Отправлено form.cleaned_data={'name': 'sd', 'email': 'stavrtin@yandex.ru', 'age': 18, 'height': 1.0, 'is_active': True, 'birthdate': datetime.date(2023, 10, 12), 'gender': 'F'}.
INFO 2023-10-12 18:59:43,945 basehttp 10056 18280 "POST /lec4/forms/ HTTP/1.1" 200 1555
INFO 2023-10-12 18:59:52,474 views 10056 18280 ----------Отправлено form.cleaned_data={'name': 'sd', 'email': 'stavrtin@yandex.ru', 'age': 18, 'height': 1.0, 'is_active': True, 'birthdate': datetime.date(2023, 10, 12), 'gender': 'F'}.
INFO 2023-10-12 18:59:52,476 basehttp 10056 18280 "POST /lec4/forms/ HTTP/1.1" 200 418
INFO 2023-10-12 19:00:02,198 views 10056 18280 ----------Отправлено form.cleaned_data={'name': 'sd', 'email': 'stavrtin@yandex.ru', 'age': 18, 'height': 1.0, 'is_active': True, 'birthdate': datetime.date(2023, 10, 12), 'gender': 'F'}.
INFO 2023-10-12 19:00:02,200 basehttp 10056 18280 "POST /lec4/forms/ HTTP/1.1" 200 418
INFO 2023-10-12 19:00:07,998 views 10056 18280 ----------Отправлено form.cleaned_data={'name': 'sd', 'email': 'stavrtin@yandex.ru', 'age': 18, 'height': 1.0, 'is_active': True, 'birthdate': datetime.date(2023, 10, 12), 'gender': 'F'}.
INFO 2023-10-12 19:00:08,002 basehttp 10056 18280 "POST /lec4/forms/ HTTP/1.1" 200 1555
INFO 2023-10-12 19:00:14,958 views 10056 18280 ----------Отправлено form.cleaned_data={'name': 'sd', 'email': 'stavrtin@yandex.ru', 'age': 18, 'height': 1.0, 'is_active': True, 'birthdate': datetime.date(2023, 10, 12), 'gender': 'M'}.
INFO 2023-10-12 19:00:14,963 basehttp 10056 18280 "POST /lec4/forms/ HTTP/1.1" 200 1555
INFO 2023-10-12 19:00:52,239 views 10056 18280 ----------Отправлено form.cleaned_data={'name': 'sd', 'email': 'stavrtin@yandex.ru', 'age': 22, 'height': 1.0, 'is_active': False, 'birthdate': datetime.date(2023, 10, 12), 'gender': 'M'}.
INFO 2023-10-12 19:00:52,242 basehttp 10056 18280 "POST /lec4/forms/ HTTP/1.1" 200 1547
INFO 2023-10-12 19:04:14,392 autoreload 10056 19028 C:\Users\TurchinMV\Work\GB_python_3\Django\project_dj_lections\lection_04_app\views.py changed, reloading.
INFO 2023-10-12 19:04:14,960 autoreload 11348 36724 Watching for file changes with StatReloader
INFO 2023-10-12 19:04:24,393 views 11348 7764 ----------Отправлено form.cleaned_data={'name': 'sd', 'email': 'stavrtin@yandex.ru', 'age': 22, 'height': 1.0, 'is_active': False, 'birthdate': datetime.date(2023, 10, 12), 'gender': 'M'}.
INFO 2023-10-12 19:04:24,406 basehttp 11348 7764 "POST /lec4/forms/ HTTP/1.1" 200 1547
INFO 2023-10-12 19:04:54,605 autoreload 11348 36724 C:\Users\TurchinMV\Work\GB_python_3\Django\project_dj_lections\lection_04_app\views.py changed, reloading.
INFO 2023-10-12 19:04:54,983 autoreload 16988 35476 Watching for file changes with StatReloader
INFO 2023-10-12 19:05:01,435 basehttp 16988 12108 "POST /lec4/forms/ HTTP/1.1" 200 2239
INFO 2023-10-12 19:05:08,894 views 16988 12108 ----------Отправлено form.cleaned_data={'name': 'wwqe', 'email': 'stavrtin@yandex.ru', 'age': 25, 'height': 2112.0, 'is_active': True, 'birthdate': datetime.date(2023, 10, 12), 'gender': 'M', 'message': 'sadasdasd'}.
INFO 2023-10-12 19:05:08,899 basehttp 16988 12108 "POST /lec4/forms/ HTTP/1.1" 200 2189
INFO 2023-10-12 19:05:22,073 views 16988 12108 ----------Отправлено form.cleaned_data={'name': 'www', 'email': 'stavrtin@yandex.ru', 'age': 22, 'height': 11.0, 'is_active': True, 'birthdate': datetime.date(2023, 10, 12), 'gender': 'M', 'message': 'dsfsfd'}.
INFO 2023-10-12 19:05:22,077 basehttp 16988 12108 "POST /lec4/forms/ HTTP/1.1" 200 2184
INFO 2023-10-12 19:09:42,241 autoreload 16988 35476 C:\Users\TurchinMV\Work\GB_python_3\Django\project_dj_lections\lection_04_app\forms_app4.py changed, reloading.
INFO 2023-10-12 19:09:42,814 autoreload 36700 27080 Watching for file changes with StatReloader
INFO 2023-10-12 19:10:01,765 autoreload 36700 27080 C:\Users\TurchinMV\Work\GB_python_3\Django\project_dj_lections\lection_04_app\forms_app4.py changed, reloading.
INFO 2023-10-12 19:10:02,152 autoreload 16288 20904 Watching for file changes with StatReloader
INFO 2023-10-12 19:10:04,149 views 16288 22308 ----------Отправлено form.cleaned_data={'name': 'www', 'email': 'stavrtin@yandex.ru', 'age': 22, 'height': 11.0, 'is_active': True, 'birthdate': datetime.date(2023, 10, 12), 'gender': 'M', 'message': 'dsfsfd'}.
INFO 2023-10-12 19:10:04,171 basehttp 16288 22308 "POST /lec4/forms/ HTTP/1.1" 200 2184
INFO 2023-10-12 19:10:08,648 views 16288 22308 ----------Отправлено form.cleaned_data={'name': 'www', 'email': 'stavrtin@yandex.ru', 'age': 22, 'height': 11.0, 'is_active': True, 'birthdate': datetime.date(2023, 10, 4), 'gender': 'M', 'message': 'dsfsfd'}.
INFO 2023-10-12 19:10:08,652 basehttp 16288 22308 "POST /lec4/forms/ HTTP/1.1" 200 2184
INFO 2023-10-12 19:15:17,695 autoreload 16288 20904 C:\Users\TurchinMV\Work\GB_python_3\Django\project_dj_lections\lection_04_app\forms_app4.py changed, reloading.
INFO 2023-10-12 19:15:18,256 autoreload 35184 27232 Watching for file changes with StatReloader
INFO 2023-10-12 19:16:24,633 autoreload 35184 27232 C:\Users\TurchinMV\Work\GB_python_3\Django\project_dj_lections\lection_04_app\forms_app4.py changed, reloading.
INFO 2023-10-12 19:16:25,006 autoreload 13276 33616 Watching for file changes with StatReloader
INFO 2023-10-12 19:16:29,742 views 13276 34444 ----------Отправлено form.cleaned_data={'name': 'qw', 'email': 'stavrtin@yandex.ru', 'age': 22, 'height': 11.0, 'is_active': True, 'birthdate': datetime.date(2023, 10, 4), 'gender': 'M', 'message': 'dsfsfd'}.
INFO 2023-10-12 19:16:29,757 basehttp 13276 34444 "POST /lec4/forms/ HTTP/1.1" 200 2183
INFO 2023-10-12 19:16:56,932 basehttp 13276 34444 "GET /lec4/user/add/ HTTP/1.1" 200 974
INFO 2023-10-12 19:17:06,200 basehttp 13276 34444 "POST /lec4/user/add/ HTTP/1.1" 200 1233
INFO 2023-10-12 19:19:12,479 autoreload 13276 33616 C:\Users\TurchinMV\Work\GB_python_3\Django\project_dj_lections\lection_04_app\models.py changed, reloading.
INFO 2023-10-12 19:19:12,888 autoreload 17228 22040 Watching for file changes with StatReloader
INFO 2023-10-12 19:38:19,822 autoreload 27240 6908 Watching for file changes with StatReloader
INFO 2023-10-12 19:39:01,216 autoreload 27240 6908 C:\Users\TurchinMV\Work\GB_python_3\Django\project_dj_lections\lection_04_app\views.py changed, reloading.
INFO 2023-10-12 19:39:01,595 autoreload 9024 28212 Watching for file changes with StatReloader
INFO 2023-10-12 19:39:01,863 basehttp 9024 20616 "GET /lec4/forms/ HTTP/1.1" 200 2100
INFO 2023-10-12 19:39:28,962 views 9024 20616 ----------Отправлено form.cleaned_data={'name': 'Макс', 'email': 'wer@sdf.we', 'age': 18, 'height': 22.0, 'is_active': False, 'birthdate': datetime.date(2023, 9, 27), 'gender': 'M', 'message': 'ййц'}.
INFO 2023-10-12 19:39:28,968 basehttp 9024 20616 "POST /lec4/forms/ HTTP/1.1" 200 2172
INFO 2023-10-12 19:40:40,937 autoreload 9024 28212 C:\Users\TurchinMV\Work\GB_python_3\Django\project_dj_lections\lection_04_app\urls_app4.py changed, reloading.
INFO 2023-10-12 19:40:41,363 autoreload 1836 32292 Watching for file changes with StatReloader
ERROR 2023-10-12 19:40:44,665 log 1836 20680 Internal Server Error: /lec4/add_user/
Traceback (most recent call last):
  File "C:\Users\TurchinMV\Work\GB_python_3\Django\venv_new_1\lib\site-packages\django\core\handlers\exception.py", line 55, in inner
    response = get_response(request)
  File "C:\Users\TurchinMV\Work\GB_python_3\Django\venv_new_1\lib\site-packages\django\core\handlers\base.py", line 197, in _get_response
    response = wrapped_callback(request, *callback_args, **callback_kwargs)
  File "C:\Users\TurchinMV\Work\GB_python_3\Django\project_dj_lections\lection_04_app\views.py", line 57, in add_user
    return render(request, 'myapp4/user_form.html', {'form':    form, 'message': message})
  File "C:\Users\TurchinMV\Work\GB_python_3\Django\venv_new_1\lib\site-packages\django\shortcuts.py", line 24, in render
    content = loader.render_to_string(template_name, context, request, using=using)
  File "C:\Users\TurchinMV\Work\GB_python_3\Django\venv_new_1\lib\site-packages\django\template\loader.py", line 61, in render_to_string
    template = get_template(template_name, using=using)
  File "C:\Users\TurchinMV\Work\GB_python_3\Django\venv_new_1\lib\site-packages\django\template\loader.py", line 19, in get_template
    raise TemplateDoesNotExist(template_name, chain=chain)
django.template.exceptions.TemplateDoesNotExist: myapp4/user_form.html
ERROR 2023-10-12 19:40:44,667 basehttp 1836 20680 "GET /lec4/add_user/ HTTP/1.1" 500 81347
ERROR 2023-10-12 19:41:01,417 log 1836 20680 Internal Server Error: /lec4/add_user/
Traceback (most recent call last):
  File "C:\Users\TurchinMV\Work\GB_python_3\Django\venv_new_1\lib\site-packages\django\core\handlers\exception.py", line 55, in inner
    response = get_response(request)
  File "C:\Users\TurchinMV\Work\GB_python_3\Django\venv_new_1\lib\site-packages\django\core\handlers\base.py", line 197, in _get_response
    response = wrapped_callback(request, *callback_args, **callback_kwargs)
  File "C:\Users\TurchinMV\Work\GB_python_3\Django\project_dj_lections\lection_04_app\views.py", line 57, in add_user
    return render(request, 'lection_04_app/user_form.html', {'form':    form, 'message': message})
  File "C:\Users\TurchinMV\Work\GB_python_3\Django\venv_new_1\lib\site-packages\django\shortcuts.py", line 24, in render
    content = loader.render_to_string(template_name, context, request, using=using)
  File "C:\Users\TurchinMV\Work\GB_python_3\Django\venv_new_1\lib\site-packages\django\template\loader.py", line 61, in render_to_string
    template = get_template(template_name, using=using)
  File "C:\Users\TurchinMV\Work\GB_python_3\Django\venv_new_1\lib\site-packages\django\template\loader.py", line 19, in get_template
    raise TemplateDoesNotExist(template_name, chain=chain)
django.template.exceptions.TemplateDoesNotExist: myapp4/user_form.html
ERROR 2023-10-12 19:41:01,418 basehttp 1836 20680 "GET /lec4/add_user/ HTTP/1.1" 500 81500
INFO 2023-10-12 19:41:01,479 autoreload 1836 32292 C:\Users\TurchinMV\Work\GB_python_3\Django\project_dj_lections\lection_04_app\views.py changed, reloading.
INFO 2023-10-12 19:41:01,877 autoreload 600 12584 Watching for file changes with StatReloader
INFO 2023-10-12 19:41:04,546 basehttp 600 37836 "GET /lec4/add_user/ HTTP/1.1" 200 927
INFO 2023-10-12 19:41:18,864 basehttp 600 37836 "GET /lec4/add_user/ HTTP/1.1" 200 927
INFO 2023-10-12 19:41:20,865 basehttp 600 37836 "GET /lec4/add_user/ HTTP/1.1" 200 926
INFO 2023-10-12 19:41:26,737 basehttp 600 37836 "GET /lec4/add_user/ HTTP/1.1" 200 926
INFO 2023-10-12 19:41:34,460 basehttp 600 37836 "GET /lec4/add_user/ HTTP/1.1" 200 943
INFO 2023-10-12 19:41:45,756 basehttp 600 37836 "POST /lec4/add_user/ HTTP/1.1" 200 1204
INFO 2023-10-12 19:41:50,017 basehttp 600 37836 "POST /lec4/add_user/ HTTP/1.1" 200 1095
INFO 2023-10-12 19:42:26,746 basehttp 600 37836 "POST /lec4/add_user/ HTTP/1.1" 200 1107
INFO 2023-10-12 19:42:33,289 basehttp 600 37836 "POST /lec4/add_user/ HTTP/1.1" 200 1103
INFO 2023-10-12 19:43:10,653 basehttp 600 37836 "POST /lec4/add_user/ HTTP/1.1" 200 1105
INFO 2023-10-12 19:43:16,975 views 600 37836 Получили name='asdsa', email='weasr@corp.mail.ru', age=1.
INFO 2023-10-12 19:43:17,144 basehttp 600 37836 "POST /lec4/add_user/ HTTP/1.1" 200 1006
INFO 2023-10-12 19:44:22,346 views 600 37836 Получили name='asdsa', email='weasr@corp.mail.ru', age=1.
INFO 2023-10-12 19:44:22,485 basehttp 600 37836 "POST /lec4/add_user/ HTTP/1.1" 200 940
INFO 2023-10-12 19:48:56,436 autoreload 600 12584 C:\Users\TurchinMV\Work\GB_python_3\Django\project_dj_lections\project_dj_lections\settings.py changed, reloading.
INFO 2023-10-12 19:48:56,970 autoreload 29100 25404 Watching for file changes with StatReloader
INFO 2023-10-12 19:50:02,256 autoreload 29100 25404 C:\Users\TurchinMV\Work\GB_python_3\Django\project_dj_lections\lection_04_app\views.py changed, reloading.
INFO 2023-10-12 19:50:02,707 autoreload 33164 34584 Watching for file changes with StatReloader
INFO 2023-10-12 19:50:36,899 autoreload 33164 34584 C:\Users\TurchinMV\Work\GB_python_3\Django\project_dj_lections\lection_04_app\views.py changed, reloading.
INFO 2023-10-12 19:50:37,401 autoreload 31548 10832 Watching for file changes with StatReloader
INFO 2023-10-12 19:51:01,512 autoreload 31548 10832 C:\Users\TurchinMV\Work\GB_python_3\Django\project_dj_lections\lection_04_app\views.py changed, reloading.
INFO 2023-10-12 19:51:01,939 autoreload 18232 27880 Watching for file changes with StatReloader
INFO 2023-10-12 19:51:13,422 autoreload 18232 27880 C:\Users\TurchinMV\Work\GB_python_3\Django\project_dj_lections\lection_04_app\views.py changed, reloading.
INFO 2023-10-12 19:51:13,789 autoreload 3596 20684 Watching for file changes with StatReloader
INFO 2023-10-12 19:51:53,216 autoreload 3596 20684 C:\Users\TurchinMV\Work\GB_python_3\Django\project_dj_lections\lection_04_app\views.py changed, reloading.
INFO 2023-10-12 19:51:53,643 autoreload 16124 15452 Watching for file changes with StatReloader
INFO 2023-10-12 19:52:03,310 autoreload 16124 15452 C:\Users\TurchinMV\Work\GB_python_3\Django\project_dj_lections\lection_04_app\views.py changed, reloading.
INFO 2023-10-12 19:52:03,797 autoreload 36216 28676 Watching for file changes with StatReloader
INFO 2023-10-12 19:52:18,628 autoreload 36216 28676 C:\Users\TurchinMV\Work\GB_python_3\Django\project_dj_lections\lection_04_app\views.py changed, reloading.
INFO 2023-10-12 19:52:19,034 autoreload 2336 10068 Watching for file changes with StatReloader
INFO 2023-10-12 19:53:35,591 autoreload 2336 10068 C:\Users\TurchinMV\Work\GB_python_3\Django\project_dj_lections\lection_04_app\views.py changed, reloading.
INFO 2023-10-12 19:53:36,020 autoreload 25748 308 Watching for file changes with StatReloader
INFO 2023-10-12 19:54:19,677 autoreload 25748 308 C:\Users\TurchinMV\Work\GB_python_3\Django\project_dj_lections\lection_04_app\views.py changed, reloading.
INFO 2023-10-12 19:54:20,218 autoreload 16260 32892 Watching for file changes with StatReloader
INFO 2023-10-12 19:55:02,513 autoreload 16260 32892 C:\Users\TurchinMV\Work\GB_python_3\Django\project_dj_lections\lection_04_app\views.py changed, reloading.
INFO 2023-10-12 19:55:02,957 autoreload 31852 8944 Watching for file changes with StatReloader
INFO 2023-10-12 19:56:34,777 autoreload 31852 8944 C:\Users\TurchinMV\Work\GB_python_3\Django\project_dj_lections\lection_04_app\forms_app4.py changed, reloading.
INFO 2023-10-12 19:56:35,387 autoreload 34960 26344 Watching for file changes with StatReloader
INFO 2023-10-12 19:58:41,575 autoreload 34960 26344 C:\Users\TurchinMV\Work\GB_python_3\Django\project_dj_lections\lection_04_app\urls_app4.py changed, reloading.
INFO 2023-10-12 19:58:42,047 autoreload 22860 30196 Watching for file changes with StatReloader
INFO 2023-10-12 20:00:39,553 basehttp 22860 7524 "GET /lec4/upload_img HTTP/1.1" 301 0
ERROR 2023-10-12 20:00:39,581 log 22860 30712 Internal Server Error: /lec4/upload_img/
Traceback (most recent call last):
  File "C:\Users\TurchinMV\Work\GB_python_3\Django\venv_new_1\lib\site-packages\django\core\handlers\exception.py", line 55, in inner
    response = get_response(request)
  File "C:\Users\TurchinMV\Work\GB_python_3\Django\venv_new_1\lib\site-packages\django\core\handlers\base.py", line 197, in _get_response
    response = wrapped_callback(request, *callback_args, **callback_kwargs)
  File "C:\Users\TurchinMV\Work\GB_python_3\Django\project_dj_lections\lection_04_app\views.py", line 75, in upload_img
    return render(request, 'lection_04_app/upload_image.html', {'form': form})
  File "C:\Users\TurchinMV\Work\GB_python_3\Django\venv_new_1\lib\site-packages\django\shortcuts.py", line 24, in render
    content = loader.render_to_string(template_name, context, request, using=using)
  File "C:\Users\TurchinMV\Work\GB_python_3\Django\venv_new_1\lib\site-packages\django\template\loader.py", line 61, in render_to_string
    template = get_template(template_name, using=using)
  File "C:\Users\TurchinMV\Work\GB_python_3\Django\venv_new_1\lib\site-packages\django\template\loader.py", line 19, in get_template
    raise TemplateDoesNotExist(template_name, chain=chain)
django.template.exceptions.TemplateDoesNotExist: lection_04_app/upload_image.html
ERROR 2023-10-12 20:00:39,583 basehttp 22860 30712 "GET /lec4/upload_img/ HTTP/1.1" 500 80890
ERROR 2023-10-12 20:01:09,594 log 22860 30712 Internal Server Error: /lec4/upload_img/
Traceback (most recent call last):
  File "C:\Users\TurchinMV\Work\GB_python_3\Django\venv_new_1\lib\site-packages\django\core\handlers\exception.py", line 55, in inner
    response = get_response(request)
  File "C:\Users\TurchinMV\Work\GB_python_3\Django\venv_new_1\lib\site-packages\django\core\handlers\base.py", line 197, in _get_response
    response = wrapped_callback(request, *callback_args, **callback_kwargs)
  File "C:\Users\TurchinMV\Work\GB_python_3\Django\project_dj_lections\lection_04_app\views.py", line 75, in upload_img
    return render(request, 'lection_04_app/upload_img.html', {'form': form})
  File "C:\Users\TurchinMV\Work\GB_python_3\Django\venv_new_1\lib\site-packages\django\shortcuts.py", line 24, in render
    content = loader.render_to_string(template_name, context, request, using=using)
  File "C:\Users\TurchinMV\Work\GB_python_3\Django\venv_new_1\lib\site-packages\django\template\loader.py", line 61, in render_to_string
    template = get_template(template_name, using=using)
  File "C:\Users\TurchinMV\Work\GB_python_3\Django\venv_new_1\lib\site-packages\django\template\loader.py", line 19, in get_template
    raise TemplateDoesNotExist(template_name, chain=chain)
django.template.exceptions.TemplateDoesNotExist: lection_04_app/upload_image.html
ERROR 2023-10-12 20:01:09,595 basehttp 22860 30712 "GET /lec4/upload_img/ HTTP/1.1" 500 81023
INFO 2023-10-12 20:01:09,750 autoreload 22860 30196 C:\Users\TurchinMV\Work\GB_python_3\Django\project_dj_lections\lection_04_app\views.py changed, reloading.
INFO 2023-10-12 20:01:10,151 autoreload 31192 36076 Watching for file changes with StatReloader
INFO 2023-10-12 20:01:11,841 basehttp 31192 588 "GET /lec4/upload_img/ HTTP/1.1" 200 651
WARNING 2023-10-12 20:01:30,927 log 31192 588 Not Found: /lec4/upload_img/multipart/form-data
WARNING 2023-10-12 20:01:30,927 basehttp 31192 588 "POST /lec4/upload_img/multipart/form-data HTTP/1.1" 404 3224
WARNING 2023-10-12 20:02:26,708 log 31192 588 Not Found: /lec4/upload_img/multipart/form-data
WARNING 2023-10-12 20:02:26,709 basehttp 31192 588 "POST /lec4/upload_img/multipart/form-data HTTP/1.1" 404 3224
WARNING 2023-10-12 20:02:55,411 log 31192 588 Not Found: /lec4/upload_img/multipart/form-data
WARNING 2023-10-12 20:02:55,411 basehttp 31192 588 "POST /lec4/upload_img/multipart/form-data HTTP/1.1" 404 3224
WARNING 2023-10-12 20:02:59,495 log 31192 588 Not Found: /lec4/upload
WARNING 2023-10-12 20:02:59,495 basehttp 31192 588 "GET /lec4/upload HTTP/1.1" 404 3151
INFO 2023-10-12 20:03:12,335 basehttp 31192 588 "GET /lec4/upload_img/ HTTP/1.1" 200 652
INFO 2023-10-12 20:03:17,046 basehttp 31192 588 "POST /lec4/upload_img/ HTTP/1.1" 200 652
INFO 2023-10-12 22:26:12,698 autoreload 17192 2972 Watching for file changes with StatReloader
INFO 2023-10-12 22:26:22,393 basehttp 17192 10372 "GET / HTTP/1.1" 200 301
WARNING 2023-10-12 22:26:22,482 log 17192 10372 Not Found: /favicon.ico
WARNING 2023-10-12 22:26:22,482 basehttp 17192 10372 "GET /favicon.ico HTTP/1.1" 404 2537
WARNING 2023-10-12 22:26:35,761 log 17192 13524 Not Found: /le4
WARNING 2023-10-12 22:26:35,762 basehttp 17192 13524 "GET /le4 HTTP/1.1" 404 2513
INFO 2023-10-12 22:31:36,494 autoreload 17192 2972 C:\Users\stavr\django\project_dj_lections\lection_04_app\urls_app4.py changed, reloading.
INFO 2023-10-12 22:31:36,996 autoreload 2380 5364 Watching for file changes with StatReloader
INFO 2023-10-12 22:32:17,117 autoreload 2380 5364 C:\Users\stavr\django\project_dj_lections\lection_04_app\urls_app4.py changed, reloading.
INFO 2023-10-12 22:32:17,590 autoreload 16704 10104 Watching for file changes with StatReloader
WARNING 2023-10-12 22:32:17,753 log 16704 5928 Not Found: /le4
WARNING 2023-10-12 22:32:17,753 basehttp 16704 5928 "GET /le4 HTTP/1.1" 404 2513
INFO 2023-10-12 22:32:23,168 autoreload 6972 9480 Watching for file changes with StatReloader
WARNING 2023-10-12 22:32:26,781 log 6972 17072 Not Found: /le4
WARNING 2023-10-12 22:32:26,782 basehttp 6972 17072 "GET /le4 HTTP/1.1" 404 2513
INFO 2023-10-12 22:33:32,055 basehttp 6972 17072 "GET /lec4 HTTP/1.1" 301 0
INFO 2023-10-12 22:33:32,066 basehttp 6972 14756 "GET /lec4/ HTTP/1.1" 200 301
INFO 2023-10-12 22:40:03,197 autoreload 6972 9480 C:\Users\stavr\django\project_dj_lections\lection_04_app\views.py changed, reloading.
INFO 2023-10-12 22:40:03,702 autoreload 13920 17036 Watching for file changes with StatReloader
INFO 2023-10-12 22:40:12,054 basehttp 13920 13996 "GET /lec4/user_add_my HTTP/1.1" 301 0
INFO 2023-10-12 22:40:12,078 basehttp 13920 13780 "GET /lec4/user_add_my/ HTTP/1.1" 200 848
INFO 2023-10-12 22:40:39,578 basehttp 13920 13780 "POST /lec4/user_add_my/ HTTP/1.1" 200 989
ERROR 2023-10-12 22:41:00,778 log 13920 13780 Internal Server Error: /lec4/user_add_my/
Traceback (most recent call last):
  File "C:\Users\stavr\django\venv\lib\site-packages\django\db\backends\utils.py", line 89, in _execute
    return self.cursor.execute(sql, params)
  File "C:\Users\stavr\django\venv\lib\site-packages\django\db\backends\sqlite3\base.py", line 328, in execute
    return super().execute(query, params)
sqlite3.OperationalError: database is locked

The above exception was the direct cause of the following exception:

Traceback (most recent call last):
  File "C:\Users\stavr\django\venv\lib\site-packages\django\core\handlers\exception.py", line 55, in inner
    response = get_response(request)
  File "C:\Users\stavr\django\venv\lib\site-packages\django\core\handlers\base.py", line 197, in _get_response
    response = wrapped_callback(request, *callback_args, **callback_kwargs)
  File "C:\Users\stavr\django\project_dj_lections\lection_04_app\views.py", line 94, in user_add_my
    user.save()
  File "C:\Users\stavr\django\venv\lib\site-packages\django\db\models\base.py", line 814, in save
    self.save_base(
  File "C:\Users\stavr\django\venv\lib\site-packages\django\db\models\base.py", line 877, in save_base
    updated = self._save_table(
  File "C:\Users\stavr\django\venv\lib\site-packages\django\db\models\base.py", line 1020, in _save_table
    results = self._do_insert(
  File "C:\Users\stavr\django\venv\lib\site-packages\django\db\models\base.py", line 1061, in _do_insert
    return manager._insert(
  File "C:\Users\stavr\django\venv\lib\site-packages\django\db\models\manager.py", line 87, in manager_method
    return getattr(self.get_queryset(), name)(*args, **kwargs)
  File "C:\Users\stavr\django\venv\lib\site-packages\django\db\models\query.py", line 1805, in _insert
    return query.get_compiler(using=using).execute_sql(returning_fields)
  File "C:\Users\stavr\django\venv\lib\site-packages\django\db\models\sql\compiler.py", line 1822, in execute_sql
    cursor.execute(sql, params)
  File "C:\Users\stavr\django\venv\lib\site-packages\django\db\backends\utils.py", line 102, in execute
    return super().execute(sql, params)
  File "C:\Users\stavr\django\venv\lib\site-packages\django\db\backends\utils.py", line 67, in execute
    return self._execute_with_wrappers(
  File "C:\Users\stavr\django\venv\lib\site-packages\django\db\backends\utils.py", line 80, in _execute_with_wrappers
    return executor(sql, params, many, context)
  File "C:\Users\stavr\django\venv\lib\site-packages\django\db\backends\utils.py", line 89, in _execute
    return self.cursor.execute(sql, params)
  File "C:\Users\stavr\django\venv\lib\site-packages\django\db\utils.py", line 91, in __exit__
    raise dj_exc_value.with_traceback(traceback) from exc_value
  File "C:\Users\stavr\django\venv\lib\site-packages\django\db\backends\utils.py", line 89, in _execute
    return self.cursor.execute(sql, params)
  File "C:\Users\stavr\django\venv\lib\site-packages\django\db\backends\sqlite3\base.py", line 328, in execute
    return super().execute(query, params)
django.db.utils.OperationalError: database is locked
ERROR 2023-10-12 22:41:00,784 basehttp 13920 13780 "POST /lec4/user_add_my/ HTTP/1.1" 500 144653
INFO 2023-10-12 22:41:11,428 views 13920 13780 ----------Отправлено name='Dfcz', email='asd@corp.mail.ru', age=3.
INFO 2023-10-12 22:41:11,430 basehttp 13920 13780 "POST /lec4/user_add_my/ HTTP/1.1" 200 896
INFO 2023-10-12 22:41:12,941 views 13920 13780 ----------Отправлено name='Dfcz', email='asd@corp.mail.ru', age=3.
INFO 2023-10-12 22:41:12,944 basehttp 13920 13780 "POST /lec4/user_add_my/ HTTP/1.1" 200 896
ERROR 2023-10-12 22:41:37,725 log 13920 13780 Internal Server Error: /lec4/user_add_my/
Traceback (most recent call last):
  File "C:\Users\stavr\django\venv\lib\site-packages\django\db\backends\utils.py", line 89, in _execute
    return self.cursor.execute(sql, params)
  File "C:\Users\stavr\django\venv\lib\site-packages\django\db\backends\sqlite3\base.py", line 328, in execute
    return super().execute(query, params)
sqlite3.OperationalError: database is locked

The above exception was the direct cause of the following exception:

Traceback (most recent call last):
  File "C:\Users\stavr\django\venv\lib\site-packages\django\core\handlers\exception.py", line 55, in inner
    response = get_response(request)
  File "C:\Users\stavr\django\venv\lib\site-packages\django\core\handlers\base.py", line 197, in _get_response
    response = wrapped_callback(request, *callback_args, **callback_kwargs)
  File "C:\Users\stavr\django\project_dj_lections\lection_04_app\views.py", line 94, in user_add_my
    user.save()
  File "C:\Users\stavr\django\venv\lib\site-packages\django\db\models\base.py", line 814, in save
    self.save_base(
  File "C:\Users\stavr\django\venv\lib\site-packages\django\db\models\base.py", line 877, in save_base
    updated = self._save_table(
  File "C:\Users\stavr\django\venv\lib\site-packages\django\db\models\base.py", line 1020, in _save_table
    results = self._do_insert(
  File "C:\Users\stavr\django\venv\lib\site-packages\django\db\models\base.py", line 1061, in _do_insert
    return manager._insert(
  File "C:\Users\stavr\django\venv\lib\site-packages\django\db\models\manager.py", line 87, in manager_method
    return getattr(self.get_queryset(), name)(*args, **kwargs)
  File "C:\Users\stavr\django\venv\lib\site-packages\django\db\models\query.py", line 1805, in _insert
    return query.get_compiler(using=using).execute_sql(returning_fields)
  File "C:\Users\stavr\django\venv\lib\site-packages\django\db\models\sql\compiler.py", line 1822, in execute_sql
    cursor.execute(sql, params)
  File "C:\Users\stavr\django\venv\lib\site-packages\django\db\backends\utils.py", line 102, in execute
    return super().execute(sql, params)
  File "C:\Users\stavr\django\venv\lib\site-packages\django\db\backends\utils.py", line 67, in execute
    return self._execute_with_wrappers(
  File "C:\Users\stavr\django\venv\lib\site-packages\django\db\backends\utils.py", line 80, in _execute_with_wrappers
    return executor(sql, params, many, context)
  File "C:\Users\stavr\django\venv\lib\site-packages\django\db\backends\utils.py", line 89, in _execute
    return self.cursor.execute(sql, params)
  File "C:\Users\stavr\django\venv\lib\site-packages\django\db\utils.py", line 91, in __exit__
    raise dj_exc_value.with_traceback(traceback) from exc_value
  File "C:\Users\stavr\django\venv\lib\site-packages\django\db\backends\utils.py", line 89, in _execute
    return self.cursor.execute(sql, params)
  File "C:\Users\stavr\django\venv\lib\site-packages\django\db\backends\sqlite3\base.py", line 328, in execute
    return super().execute(query, params)
django.db.utils.OperationalError: database is locked
ERROR 2023-10-12 22:41:37,729 basehttp 13920 13780 "POST /lec4/user_add_my/ HTTP/1.1" 500 144777
INFO 2023-10-12 22:42:07,870 views 13920 13780 ----------Отправлено name='Dfcz', email='asd@corp.mail.ru', age=3.
INFO 2023-10-12 22:42:07,873 basehttp 13920 13780 "POST /lec4/user_add_my/ HTTP/1.1" 200 896
INFO 2023-10-12 22:47:03,738 autoreload 13920 17036 C:\Users\stavr\django\project_dj_lections\lection_04_app\urls_app4.py changed, reloading.
INFO 2023-10-12 22:47:04,227 autoreload 9856 12276 Watching for file changes with StatReloader
INFO 2023-10-12 22:47:42,612 autoreload 8380 8308 Watching for file changes with StatReloader
INFO 2023-10-12 22:48:06,839 autoreload 8380 8308 C:\Users\stavr\django\project_dj_lections\lection_04_app\urls_app4.py changed, reloading.
INFO 2023-10-12 22:48:07,332 autoreload 15772 17684 Watching for file changes with StatReloader
INFO 2023-10-12 22:48:10,281 basehttp 15772 2416 "GET /lec4/add_user HTTP/1.1" 301 0
INFO 2023-10-12 22:48:10,310 basehttp 15772 4188 "GET /lec4/add_user/ HTTP/1.1" 200 2130
INFO 2023-10-12 22:50:14,883 autoreload 15772 17684 C:\Users\stavr\django\project_dj_lections\lection_04_app\models.py changed, reloading.
INFO 2023-10-12 22:50:15,383 autoreload 8492 13832 Watching for file changes with StatReloader
INFO 2023-10-12 22:56:42,757 autoreload 5792 17604 Watching for file changes with StatReloader
INFO 2023-10-12 22:59:12,094 autoreload 7476 3804 Watching for file changes with StatReloader
INFO 2023-10-12 22:59:15,366 views 7476 3744 Получили name='Sdsd', email='asd@corp.mail.ru', age=21.
INFO 2023-10-12 22:59:15,389 basehttp 7476 3744 "POST /lec4/add_user/ HTTP/1.1" 200 2212
INFO 2023-10-12 22:59:38,830 views 7476 3744 Получили name='zxcz1', email='asd@corp.mail.ru', age=33.
ERROR 2023-10-12 22:59:44,504 log 7476 3744 Internal Server Error: /lec4/add_user/
Traceback (most recent call last):
  File "C:\Users\stavr\django\venv\lib\site-packages\django\db\backends\utils.py", line 89, in _execute
    return self.cursor.execute(sql, params)
  File "C:\Users\stavr\django\venv\lib\site-packages\django\db\backends\sqlite3\base.py", line 328, in execute
    return super().execute(query, params)
sqlite3.OperationalError: database is locked

The above exception was the direct cause of the following exception:

Traceback (most recent call last):
  File "C:\Users\stavr\django\venv\lib\site-packages\django\core\handlers\exception.py", line 55, in inner
    response = get_response(request)
  File "C:\Users\stavr\django\venv\lib\site-packages\django\core\handlers\base.py", line 197, in _get_response
    response = wrapped_callback(request, *callback_args, **callback_kwargs)
  File "C:\Users\stavr\django\project_dj_lections\lection_04_app\views.py", line 62, in add_user
    user.save()
  File "C:\Users\stavr\django\venv\lib\site-packages\django\db\models\base.py", line 814, in save
    self.save_base(
  File "C:\Users\stavr\django\venv\lib\site-packages\django\db\models\base.py", line 877, in save_base
    updated = self._save_table(
  File "C:\Users\stavr\django\venv\lib\site-packages\django\db\models\base.py", line 1020, in _save_table
    results = self._do_insert(
  File "C:\Users\stavr\django\venv\lib\site-packages\django\db\models\base.py", line 1061, in _do_insert
    return manager._insert(
  File "C:\Users\stavr\django\venv\lib\site-packages\django\db\models\manager.py", line 87, in manager_method
    return getattr(self.get_queryset(), name)(*args, **kwargs)
  File "C:\Users\stavr\django\venv\lib\site-packages\django\db\models\query.py", line 1805, in _insert
    return query.get_compiler(using=using).execute_sql(returning_fields)
  File "C:\Users\stavr\django\venv\lib\site-packages\django\db\models\sql\compiler.py", line 1822, in execute_sql
    cursor.execute(sql, params)
  File "C:\Users\stavr\django\venv\lib\site-packages\django\db\backends\utils.py", line 102, in execute
    return super().execute(sql, params)
  File "C:\Users\stavr\django\venv\lib\site-packages\django\db\backends\utils.py", line 67, in execute
    return self._execute_with_wrappers(
  File "C:\Users\stavr\django\venv\lib\site-packages\django\db\backends\utils.py", line 80, in _execute_with_wrappers
    return executor(sql, params, many, context)
  File "C:\Users\stavr\django\venv\lib\site-packages\django\db\backends\utils.py", line 89, in _execute
    return self.cursor.execute(sql, params)
  File "C:\Users\stavr\django\venv\lib\site-packages\django\db\utils.py", line 91, in __exit__
    raise dj_exc_value.with_traceback(traceback) from exc_value
  File "C:\Users\stavr\django\venv\lib\site-packages\django\db\backends\utils.py", line 89, in _execute
    return self.cursor.execute(sql, params)
  File "C:\Users\stavr\django\venv\lib\site-packages\django\db\backends\sqlite3\base.py", line 328, in execute
    return super().execute(query, params)
django.db.utils.OperationalError: database is locked
ERROR 2023-10-12 22:59:44,509 basehttp 7476 3744 "POST /lec4/add_user/ HTTP/1.1" 500 146782
INFO 2023-10-12 22:59:56,105 views 7476 3744 Получили name='zxcz1', email='asd@corp.mail.ru', age=33.
INFO 2023-10-12 22:59:56,119 basehttp 7476 3744 "POST /lec4/add_user/ HTTP/1.1" 200 2213
INFO 2023-10-12 23:08:50,617 autoreload 7476 3804 C:\Users\stavr\django\project_dj_lections\lection_04_app\urls_app4.py changed, reloading.
INFO 2023-10-12 23:08:51,111 autoreload 10896 10084 Watching for file changes with StatReloader
INFO 2023-10-12 23:09:24,942 autoreload 10896 10084 C:\Users\stavr\django\project_dj_lections\lection_04_app\views.py changed, reloading.
INFO 2023-10-12 23:09:25,427 autoreload 16112 2608 Watching for file changes with StatReloader
ERROR 2023-10-12 23:09:27,751 log 16112 7600 Internal Server Error: /lec4/edit_user/2
Traceback (most recent call last):
  File "C:\Users\stavr\django\venv\lib\site-packages\django\core\handlers\exception.py", line 55, in inner
    response = get_response(request)
  File "C:\Users\stavr\django\venv\lib\site-packages\django\core\handlers\base.py", line 197, in _get_response
    response = wrapped_callback(request, *callback_args, **callback_kwargs)
  File "C:\Users\stavr\django\project_dj_lections\lection_04_app\views.py", line 105, in edit_user
    'user_name':user_name,
UnboundLocalError: local variable 'user_name' referenced before assignment
ERROR 2023-10-12 23:09:27,753 basehttp 16112 7600 "GET /lec4/edit_user/2 HTTP/1.1" 500 66134
ERROR 2023-10-12 23:11:45,400 log 16112 13160 Internal Server Error: /lec4/edit_user/2
Traceback (most recent call last):
  File "C:\Users\stavr\django\venv\lib\site-packages\django\core\handlers\exception.py", line 55, in inner
    response = get_response(request)
  File "C:\Users\stavr\django\venv\lib\site-packages\django\core\handlers\base.py", line 197, in _get_response
    response = wrapped_callback(request, *callback_args, **callback_kwargs)
  File "C:\Users\stavr\django\project_dj_lections\lection_04_app\views.py", line 105, in edit_user
    else:
UnboundLocalError: local variable 'user_name' referenced before assignment
ERROR 2023-10-12 23:11:45,402 basehttp 16112 13160 "GET /lec4/edit_user/2 HTTP/1.1" 500 66593
INFO 2023-10-12 23:11:46,311 autoreload 16112 2608 C:\Users\stavr\django\project_dj_lections\lection_04_app\views.py changed, reloading.
INFO 2023-10-12 23:11:46,793 autoreload 17540 13752 Watching for file changes with StatReloader
ERROR 2023-10-12 23:11:50,067 log 17540 15144 Internal Server Error: /lec4/edit_user/2
Traceback (most recent call last):
  File "C:\Users\stavr\django\venv\lib\site-packages\django\core\handlers\exception.py", line 55, in inner
    response = get_response(request)
  File "C:\Users\stavr\django\venv\lib\site-packages\django\core\handlers\base.py", line 197, in _get_response
    response = wrapped_callback(request, *callback_args, **callback_kwargs)
  File "C:\Users\stavr\django\project_dj_lections\lection_04_app\views.py", line 111, in edit_user
    return render(request, 'lection_04_app/user_form.html', content=content)
TypeError: render() got an unexpected keyword argument 'content'
ERROR 2023-10-12 23:11:50,068 basehttp 17540 15144 "GET /lec4/edit_user/2 HTTP/1.1" 500 65993
ERROR 2023-10-12 23:12:39,514 log 17540 15144 Internal Server Error: /lec4/edit_user/2
Traceback (most recent call last):
  File "C:\Users\stavr\django\venv\lib\site-packages\django\core\handlers\exception.py", line 55, in inner
    response = get_response(request)
  File "C:\Users\stavr\django\venv\lib\site-packages\django\core\handlers\base.py", line 197, in _get_response
    response = wrapped_callback(request, *callback_args, **callback_kwargs)
  File "C:\Users\stavr\django\project_dj_lections\lection_04_app\views.py", line 111, in edit_user
    return render(request, 'lection_04_app/user_form.html', content=content)
TypeError: render() got an unexpected keyword argument 'content'
ERROR 2023-10-12 23:12:39,515 basehttp 17540 15144 "GET /lec4/edit_user/2 HTTP/1.1" 500 65981
INFO 2023-10-12 23:12:39,550 autoreload 17540 13752 C:\Users\stavr\django\project_dj_lections\lection_04_app\views.py changed, reloading.
INFO 2023-10-12 23:12:40,041 autoreload 2128 1984 Watching for file changes with StatReloader
ERROR 2023-10-12 23:12:42,136 log 2128 13168 Internal Server Error: /lec4/edit_user/2
Traceback (most recent call last):
  File "C:\Users\stavr\django\venv\lib\site-packages\django\core\handlers\exception.py", line 55, in inner
    response = get_response(request)
  File "C:\Users\stavr\django\venv\lib\site-packages\django\core\handlers\base.py", line 197, in _get_response
    response = wrapped_callback(request, *callback_args, **callback_kwargs)
  File "C:\Users\stavr\django\project_dj_lections\lection_04_app\views.py", line 111, in edit_user
    return render(request, 'lection_04_app/user_form.html', content=content)
TypeError: render() got an unexpected keyword argument 'content'
ERROR 2023-10-12 23:12:42,137 basehttp 2128 13168 "GET /lec4/edit_user/2 HTTP/1.1" 500 65981
INFO 2023-10-12 23:13:44,376 autoreload 2128 1984 C:\Users\stavr\django\project_dj_lections\lection_04_app\views.py changed, reloading.
INFO 2023-10-12 23:13:44,893 autoreload 10420 17140 Watching for file changes with StatReloader
ERROR 2023-10-12 23:13:47,025 log 10420 10108 Internal Server Error: /lec4/edit_user/2
Traceback (most recent call last):
  File "C:\Users\stavr\django\venv\lib\site-packages\django\core\handlers\exception.py", line 55, in inner
    response = get_response(request)
  File "C:\Users\stavr\django\venv\lib\site-packages\django\core\handlers\base.py", line 197, in _get_response
    response = wrapped_callback(request, *callback_args, **callback_kwargs)
  File "C:\Users\stavr\django\project_dj_lections\lection_04_app\views.py", line 111, in edit_user
    return render(request, 'lection_04_app/user_form.html', content=content)
TypeError: render() got an unexpected keyword argument 'content'
ERROR 2023-10-12 23:13:47,027 basehttp 10420 10108 "GET /lec4/edit_user/2 HTTP/1.1" 500 65985
ERROR 2023-10-12 23:14:07,153 log 10420 10108 Internal Server Error: /lec4/edit_user/2
Traceback (most recent call last):
  File "C:\Users\stavr\django\venv\lib\site-packages\django\core\handlers\exception.py", line 55, in inner
    response = get_response(request)
  File "C:\Users\stavr\django\venv\lib\site-packages\django\core\handlers\base.py", line 197, in _get_response
    response = wrapped_callback(request, *callback_args, **callback_kwargs)
  File "C:\Users\stavr\django\project_dj_lections\lection_04_app\views.py", line 111, in edit_user
    form = ManyFieldsFormWidget()
TypeError: render() got an unexpected keyword argument 'content'
ERROR 2023-10-12 23:14:07,155 basehttp 10420 10108 "GET /lec4/edit_user/2 HTTP/1.1" 500 66750
INFO 2023-10-12 23:14:07,357 autoreload 10420 17140 C:\Users\stavr\django\project_dj_lections\lection_04_app\views.py changed, reloading.
INFO 2023-10-12 23:14:07,863 autoreload 10080 12140 Watching for file changes with StatReloader
ERROR 2023-10-12 23:14:09,908 log 10080 3256 Internal Server Error: /lec4/edit_user/2
Traceback (most recent call last):
  File "C:\Users\stavr\django\venv\lib\site-packages\django\core\handlers\exception.py", line 55, in inner
    response = get_response(request)
  File "C:\Users\stavr\django\venv\lib\site-packages\django\core\handlers\base.py", line 197, in _get_response
    response = wrapped_callback(request, *callback_args, **callback_kwargs)
  File "C:\Users\stavr\django\project_dj_lections\lection_04_app\views.py", line 116, in edit_user
    return render(request, 'lection_04_app/user_form.html', content=content)
TypeError: render() got an unexpected keyword argument 'content'
ERROR 2023-10-12 23:14:09,910 basehttp 10080 3256 "GET /lec4/edit_user/2 HTTP/1.1" 500 65985
ERROR 2023-10-12 23:14:25,266 log 10080 3256 Internal Server Error: /lec4/edit_user/2
Traceback (most recent call last):
  File "C:\Users\stavr\django\venv\lib\site-packages\django\core\handlers\exception.py", line 55, in inner
    response = get_response(request)
  File "C:\Users\stavr\django\venv\lib\site-packages\django\core\handlers\base.py", line 197, in _get_response
    response = wrapped_callback(request, *callback_args, **callback_kwargs)
  File "C:\Users\stavr\django\project_dj_lections\lection_04_app\views.py", line 116, in edit_user
    return render(request, 'lection_04_app/user_form.html', content=content)
TypeError: render() got an unexpected keyword argument 'content'
ERROR 2023-10-12 23:14:25,268 basehttp 10080 3256 "GET /lec4/edit_user/2 HTTP/1.1" 500 65973
INFO 2023-10-12 23:14:26,120 autoreload 10080 12140 C:\Users\stavr\django\project_dj_lections\lection_04_app\views.py changed, reloading.
INFO 2023-10-12 23:14:26,594 autoreload 13156 3292 Watching for file changes with StatReloader
ERROR 2023-10-12 23:14:26,813 log 13156 8464 Internal Server Error: /lec4/edit_user/2
Traceback (most recent call last):
  File "C:\Users\stavr\django\venv\lib\site-packages\django\core\handlers\exception.py", line 55, in inner
    response = get_response(request)
  File "C:\Users\stavr\django\venv\lib\site-packages\django\core\handlers\base.py", line 197, in _get_response
    response = wrapped_callback(request, *callback_args, **callback_kwargs)
  File "C:\Users\stavr\django\project_dj_lections\lection_04_app\views.py", line 116, in edit_user
    return render(request, 'lection_04_app/user_form.html', content=content)
TypeError: render() got an unexpected keyword argument 'content'
ERROR 2023-10-12 23:14:26,815 basehttp 13156 8464 "GET /lec4/edit_user/2 HTTP/1.1" 500 65973
INFO 2023-10-12 23:15:19,289 autoreload 13156 3292 C:\Users\stavr\django\project_dj_lections\lection_04_app\views.py changed, reloading.
INFO 2023-10-12 23:15:19,777 autoreload 5284 16364 Watching for file changes with StatReloader
ERROR 2023-10-12 23:15:21,695 log 5284 16684 Internal Server Error: /lec4/edit_user/2
Traceback (most recent call last):
  File "C:\Users\stavr\django\venv\lib\site-packages\django\core\handlers\exception.py", line 55, in inner
    response = get_response(request)
  File "C:\Users\stavr\django\venv\lib\site-packages\django\core\handlers\base.py", line 197, in _get_response
    response = wrapped_callback(request, *callback_args, **callback_kwargs)
  File "C:\Users\stavr\django\project_dj_lections\lection_04_app\views.py", line 119, in edit_user
    return render(request, 'lection_04_app/user_form.html', content=content)
TypeError: render() got an unexpected keyword argument 'content'
ERROR 2023-10-12 23:15:21,696 basehttp 5284 16684 "GET /lec4/edit_user/2 HTTP/1.1" 500 66133
INFO 2023-10-12 23:16:03,354 autoreload 5284 16364 C:\Users\stavr\django\project_dj_lections\lection_04_app\views.py changed, reloading.
INFO 2023-10-12 23:16:03,845 autoreload 16784 17784 Watching for file changes with StatReloader
INFO 2023-10-12 23:16:05,077 basehttp 16784 1104 "GET /lec4/edit_user/2 HTTP/1.1" 200 2179
INFO 2023-10-12 23:17:16,274 basehttp 16784 1104 "GET /lec4/edit_user/2 HTTP/1.1" 200 2179
INFO 2023-10-12 23:17:18,848 basehttp 16784 1104 "GET /lec4/edit_user/2 HTTP/1.1" 200 2182
INFO 2023-10-12 23:17:22,107 basehttp 16784 1104 "GET /lec4/edit_user/1 HTTP/1.1" 200 2182
INFO 2023-10-12 23:19:27,676 basehttp 16784 13152 "GET /lec4/edit_user/1 HTTP/1.1" 200 2182
INFO 2023-10-12 23:19:27,965 autoreload 16784 17784 C:\Users\stavr\django\project_dj_lections\lection_04_app\views.py changed, reloading.
INFO 2023-10-12 23:19:28,457 autoreload 3012 15976 Watching for file changes with StatReloader
ERROR 2023-10-12 23:19:29,944 log 3012 11872 Internal Server Error: /lec4/edit_user/1
Traceback (most recent call last):
  File "C:\Users\stavr\django\venv\lib\site-packages\django\core\handlers\exception.py", line 55, in inner
    response = get_response(request)
  File "C:\Users\stavr\django\venv\lib\site-packages\django\core\handlers\base.py", line 197, in _get_response
    response = wrapped_callback(request, *callback_args, **callback_kwargs)
  File "C:\Users\stavr\django\project_dj_lections\lection_04_app\views.py", line 117, in edit_user
    'user_name': user.name,
UnboundLocalError: local variable 'user' referenced before assignment
ERROR 2023-10-12 23:19:29,946 basehttp 3012 11872 "GET /lec4/edit_user/1 HTTP/1.1" 500 66351
ERROR 2023-10-12 23:20:06,053 log 3012 11872 Internal Server Error: /lec4/edit_user/1
Traceback (most recent call last):
  File "C:\Users\stavr\django\venv\lib\site-packages\django\core\handlers\exception.py", line 55, in inner
    response = get_response(request)
  File "C:\Users\stavr\django\venv\lib\site-packages\django\core\handlers\base.py", line 197, in _get_response
    response = wrapped_callback(request, *callback_args, **callback_kwargs)
  File "C:\Users\stavr\django\project_dj_lections\lection_04_app\views.py", line 117, in edit_user
    'message': message,
UnboundLocalError: local variable 'user' referenced before assignment
ERROR 2023-10-12 23:20:06,055 basehttp 3012 11872 "GET /lec4/edit_user/1 HTTP/1.1" 500 66510
INFO 2023-10-12 23:20:06,664 autoreload 3012 15976 C:\Users\stavr\django\project_dj_lections\lection_04_app\views.py changed, reloading.
INFO 2023-10-12 23:20:07,178 autoreload 16372 10736 Watching for file changes with StatReloader
ERROR 2023-10-12 23:20:09,455 log 16372 11968 Internal Server Error: /lec4/edit_user/1
Traceback (most recent call last):
  File "C:\Users\stavr\django\venv\lib\site-packages\django\core\handlers\exception.py", line 55, in inner
    response = get_response(request)
  File "C:\Users\stavr\django\venv\lib\site-packages\django\core\handlers\base.py", line 197, in _get_response
    response = wrapped_callback(request, *callback_args, **callback_kwargs)
  File "C:\Users\stavr\django\project_dj_lections\lection_04_app\views.py", line 84, in edit_user
    user = User.object.get(id=user_id)
AttributeError: type object 'User' has no attribute 'object'
ERROR 2023-10-12 23:20:09,456 basehttp 16372 11968 "GET /lec4/edit_user/1 HTTP/1.1" 500 66024
ERROR 2023-10-12 23:20:12,441 log 16372 11968 Internal Server Error: /lec4/edit_user/1
Traceback (most recent call last):
  File "C:\Users\stavr\django\venv\lib\site-packages\django\core\handlers\exception.py", line 55, in inner
    response = get_response(request)
  File "C:\Users\stavr\django\venv\lib\site-packages\django\core\handlers\base.py", line 197, in _get_response
    response = wrapped_callback(request, *callback_args, **callback_kwargs)
  File "C:\Users\stavr\django\project_dj_lections\lection_04_app\views.py", line 84, in edit_user
    user = User.object.get(id=user_id)
AttributeError: type object 'User' has no attribute 'object'
ERROR 2023-10-12 23:20:12,442 basehttp 16372 11968 "GET /lec4/edit_user/1 HTTP/1.1" 500 66024
ERROR 2023-10-12 23:20:19,061 log 16372 11968 Internal Server Error: /lec4/edit_user/1
Traceback (most recent call last):
  File "C:\Users\stavr\django\venv\lib\site-packages\django\core\handlers\exception.py", line 55, in inner
    response = get_response(request)
  File "C:\Users\stavr\django\venv\lib\site-packages\django\core\handlers\base.py", line 197, in _get_response
    response = wrapped_callback(request, *callback_args, **callback_kwargs)
  File "C:\Users\stavr\django\project_dj_lections\lection_04_app\views.py", line 84, in edit_user
    user = User.objects.get(id=user_id)
AttributeError: type object 'User' has no attribute 'object'
ERROR 2023-10-12 23:20:19,062 basehttp 16372 11968 "GET /lec4/edit_user/1 HTTP/1.1" 500 66026
INFO 2023-10-12 23:20:19,126 autoreload 16372 10736 C:\Users\stavr\django\project_dj_lections\lection_04_app\views.py changed, reloading.
INFO 2023-10-12 23:20:19,685 autoreload 16596 9944 Watching for file changes with StatReloader
INFO 2023-10-12 23:20:20,755 basehttp 16596 17676 "GET /lec4/edit_user/1 HTTP/1.1" 200 2188
INFO 2023-10-12 23:21:08,207 views 16596 17676 Получили name='Sdsd-www', email='asd@corp.mail.ru', age=88.
INFO 2023-10-12 23:21:08,218 basehttp 16596 17676 "POST /lec4/edit_user/1 HTTP/1.1" 200 2276
INFO 2023-10-12 23:23:51,213 autoreload 16596 9944 C:\Users\stavr\django\project_dj_lections\lection_04_app\views.py changed, reloading.
INFO 2023-10-12 23:23:51,723 autoreload 17488 16140 Watching for file changes with StatReloader
INFO 2023-10-12 23:23:54,426 basehttp 17488 8104 "GET /lec4/edit_user/4 HTTP/1.1" 200 2192
INFO 2023-10-12 23:24:11,665 views 17488 8104 Получили name='Sdsd-www', email='asd@corp.mail.ru', age=44.
ERROR 2023-10-12 23:24:17,254 log 17488 8104 Internal Server Error: /lec4/edit_user/4
Traceback (most recent call last):
  File "C:\Users\stavr\django\venv\lib\site-packages\django\db\backends\utils.py", line 89, in _execute
    return self.cursor.execute(sql, params)
  File "C:\Users\stavr\django\venv\lib\site-packages\django\db\backends\sqlite3\base.py", line 328, in execute
    return super().execute(query, params)
sqlite3.OperationalError: database is locked

The above exception was the direct cause of the following exception:

Traceback (most recent call last):
  File "C:\Users\stavr\django\venv\lib\site-packages\django\core\handlers\exception.py", line 55, in inner
    response = get_response(request)
  File "C:\Users\stavr\django\venv\lib\site-packages\django\core\handlers\base.py", line 197, in _get_response
    response = wrapped_callback(request, *callback_args, **callback_kwargs)
  File "C:\Users\stavr\django\project_dj_lections\lection_04_app\views.py", line 106, in edit_user
    user.save()
  File "C:\Users\stavr\django\venv\lib\site-packages\django\db\models\base.py", line 814, in save
    self.save_base(
  File "C:\Users\stavr\django\venv\lib\site-packages\django\db\models\base.py", line 877, in save_base
    updated = self._save_table(
  File "C:\Users\stavr\django\venv\lib\site-packages\django\db\models\base.py", line 990, in _save_table
    updated = self._do_update(
  File "C:\Users\stavr\django\venv\lib\site-packages\django\db\models\base.py", line 1054, in _do_update
    return filtered._update(values) > 0
  File "C:\Users\stavr\django\venv\lib\site-packages\django\db\models\query.py", line 1231, in _update
    return query.get_compiler(self.db).execute_sql(CURSOR)
  File "C:\Users\stavr\django\venv\lib\site-packages\django\db\models\sql\compiler.py", line 1984, in execute_sql
    cursor = super().execute_sql(result_type)
  File "C:\Users\stavr\django\venv\lib\site-packages\django\db\models\sql\compiler.py", line 1562, in execute_sql
    cursor.execute(sql, params)
  File "C:\Users\stavr\django\venv\lib\site-packages\django\db\backends\utils.py", line 102, in execute
    return super().execute(sql, params)
  File "C:\Users\stavr\django\venv\lib\site-packages\django\db\backends\utils.py", line 67, in execute
    return self._execute_with_wrappers(
  File "C:\Users\stavr\django\venv\lib\site-packages\django\db\backends\utils.py", line 80, in _execute_with_wrappers
    return executor(sql, params, many, context)
  File "C:\Users\stavr\django\venv\lib\site-packages\django\db\backends\utils.py", line 89, in _execute
    return self.cursor.execute(sql, params)
  File "C:\Users\stavr\django\venv\lib\site-packages\django\db\utils.py", line 91, in __exit__
    raise dj_exc_value.with_traceback(traceback) from exc_value
  File "C:\Users\stavr\django\venv\lib\site-packages\django\db\backends\utils.py", line 89, in _execute
    return self.cursor.execute(sql, params)
  File "C:\Users\stavr\django\venv\lib\site-packages\django\db\backends\sqlite3\base.py", line 328, in execute
    return super().execute(query, params)
django.db.utils.OperationalError: database is locked
ERROR 2023-10-12 23:24:17,260 basehttp 17488 8104 "POST /lec4/edit_user/4 HTTP/1.1" 500 148595
INFO 2023-10-12 23:24:25,677 views 17488 8104 Получили name='Sdsd-www', email='asd@corp.mail.ru', age=44.
INFO 2023-10-12 23:24:25,687 basehttp 17488 8104 "POST /lec4/edit_user/4 HTTP/1.1" 200 2299
